---: test_msidh_gen_pub_params()
t: 4
p: 419
A: 20
B: 21
f: 1
t: 9
p: 892371479
A: 86020
B: 5187
f: 2
---: test_msidh_internals()
xP: 295*i + 398
xQ: 314*i + 149
xPQd: 29*i + 395
xPA: 128*i + 414
xQA: 269*i + 32
xPQAd: 107*i + 300
xPB: 214*i + 177
xQB: 65*i + 173
xPQBd: 173*i + 197
a_sec: 2
a_mask: 1
b_sec: 5
b_mask: 9
aφ(E)(24p): 271*i + 111
xφ(PB): 363*i + 349
xφ(QB): 303*i + 391
xφ(PQBd): 239*i + 90
aτ(φ(E))(24p): 356*i + 219
jτ(φ(E)): 398*i + 166
a_sec: 13
a_mask: 8
b_sec: 7
b_mask: 1
aφ(E)(24p): 408*i + 332
xφ(PB): 192*i + 82
xφ(QB): 299*i + 211
xφ(PQBd): 127*i + 181
aτ(φ(E))(24p): 204*i + 395
jτ(φ(E)): 407
a_sec: 3
a_mask: 13
b_sec: 17
b_mask: 19
aφ(E)(24p): 109*i + 386
xφ(PB): 298*i + 413
xφ(QB): 323*i + 222
xφ(PQBd): 323*i + 66
aτ(φ(E))(24p): 244*i + 279
jτ(φ(E)): 175*i + 351
a_sec: 15
a_mask: 20
b_sec: 1
b_mask: 11
aφ(E)(24p): 16*i + 353
xφ(PB): 340
xφ(QB): 97*i + 356
xφ(PQBd): 330*i + 244
aτ(φ(E))(24p): 302
jτ(φ(E)): 98
---: test_msidh_secret_zero()
xP: 295*i + 398
xQ: 314*i + 149
xPQd: 29*i + 395
xK: 295*i + 398
xK: 295*i + 398
---: test_msidh_non_deterministic()
xP: 209*i + 332
xQ: 345*i + 223
xPQd: 98*i + 199
---: test_msidh_monte_carlo()
xP: 209*i + 332
xQ: 345*i + 223
xPQd: 98*i + 199
